#安装opencv遇到的坑：
============================================
1、下载opencv和opencv_contrib，两个版本要保持一致


2、解压压缩包，并将opencv_contrib放到opencv目录下


3、网上百度安装依赖项


4、opencv目录下新建目录build并进入


5、build目录下编译：cmake -D CMAKE_BUILD_TYPE=Release -D CMAKE_INSTALL_PREFIX=/usr/local -D OPENCV_EXTRA_MODULES_PATH=~/software/opencv/opencv_contrib/modules ..
cmake -D CMAKE_BUILD_TYPE=Release -D CMAKE_INSTALL_PREFIX=/usr/local -D OPENCV_ENABLE_NONFREE=ON -D WITH_OPENMP=ON -D OPENCV_EXTRA_MODULES_PATH=~/software/opencv/opencv_contrib/modules ..
注意：opencv_contrib的路径要根据实际安装位置调整
-----------------------------------------------------------------------
编译正确的表现：
-- Configuring done
-- Generating done
-- Build files have been written to: /home/zhangcl/software/opencv/build



-----------------------
    第一个坑：ippicv
-----------------------
6、编译中ippicv会卡掉报错，解决方案：手动下载ippicv文件，并放置到opencv目录下/3rdparty/ippicv,同时修改ippicv.make第47行为"file:/home/zhangcl/software/opencv/3rdparty/ippicv/"接访问文件(注意路径正确性)
ippicv文件下载链接: https://pan.baidu.com/s/1tlkhAtyXdQuBsbavVT2Slg 提取码: cdjp




cmake
-D CMAKE_BUILD_TYPE=RELEASE \
-D INSTALL_PYTHON_EXAMPLES=ON \
-D CMAKE_INSTALL_PREFIX=/usr/local \
-D INSTALL_C_EXAMPLES=OFF \
-D OPENCV_EXTRA_MODULES_PATH= ~/Opencv_contrib-3.3.1/modules \
-D BUILD_opencv_python3=yes \
-D BUILD_EXAMPLES=ON \
-D WITH_CUDA=OFF ..


-------------------------
fatal error: boostdesc_bgm.i: vgg_generated_80. vgg_generated_120.i没有那个文件或目录
-------------------------
##1、问题
#/home/l/catkin_ws/opencv-3.4.1/opencv_contrib-3.4.1/modules/xfeatures2d/src/boostdesc.cpp:653:37: fatal error: boostdesc_bgm.i: 没有那个文件或目录
#opencv_contrib-3.4.1/modules/xfeatures2d/src/vgg.cpp:497:40: fatal error: vgg_generated_80.i: 没有那个文件或目录
#opencv_contrib-3.4.1/modules/xfeatures2d/src/vgg.cpp:490:41: fatal error: vgg_generated_120.i: 没有那个文件或目录
。。。。。。。。

#2、解决方法：下载文件存放在opencv_contrib/modules/xfeatures2d/src目录下
日志文件里就有它的下载地址，直接复制其下载地址到网页可以看该到文件的源码，直接拷贝源码并生存同名文件，放在 opencv_contrib/modules/xfeatures2d/src/ 路径下即可。

#对应文件下载链接：
curl https://raw.githubusercontent.com/opencv/opencv_3rdparty/34e4206aef44d50e6bbcd0ab06354b52e7466d26/boostdesc_lbgm.i > 0ae0675534aa318d9668f2a179c2a052-boostdesc_lbgm.i

curl https://raw.githubusercontent.com/opencv/opencv_3rdparty/34e4206aef44d50e6bbcd0ab06354b52e7466d26/boostdesc_binboost_256.i > e6dcfa9f647779eb1ce446a8d759b6ea-boostdesc_binboost_256.i

curl https://raw.githubusercontent.com/opencv/opencv_3rdparty/34e4206aef44d50e6bbcd0ab06354b52e7466d26/boostdesc_binboost_128.i > 98ea99d399965c03d555cef3ea502a0b-boostdesc_binboost_128.i

curl https://raw.githubusercontent.com/opencv/opencv_3rdparty/34e4206aef44d50e6bbcd0ab06354b52e7466d26/boostdesc_binboost_064.i > 202e1b3e9fec871b04da31f7f016679f-boostdesc_binboost_064.i

curl https://raw.githubusercontent.com/opencv/opencv_3rdparty/34e4206aef44d50e6bbcd0ab06354b52e7466d26/boostdesc_bgm_hd.i > 324426a24fa56ad9c5b8e3e0b3e5303e-boostdesc_bgm_hd.i

curl https://raw.githubusercontent.com/opencv/opencv_3rdparty/34e4206aef44d50e6bbcd0ab06354b52e7466d26/boostdesc_bgm_bi.i > 232c966b13651bd0e46a1497b0852191-boostdesc_bgm_bi.i

curl https://raw.githubusercontent.com/opencv/opencv_3rdparty/34e4206aef44d50e6bbcd0ab06354b52e7466d26/boostdesc_bgm.i > 0ea90e7a8f3f7876d450e4149c97c74f-boostdesc_bgm.i

cd …/vgg
curl https://raw.githubusercontent.com/opencv/opencv_3rdparty/fccf7cd6a4b12079f73bbfb21745f9babcd4eb1d/vgg_generated_120.i > 151805e03568c9f490a5e3a872777b75-vgg_generated_120.i

curl https://raw.githubusercontent.com/opencv/opencv_3rdparty/fccf7cd6a4b12079f73bbfb21745f9babcd4eb1d/vgg_generated_64.i > 7126a5d9a8884ebca5aea5d63d677225-vgg_generated_64.i

curl https://raw.githubusercontent.com/opencv/opencv_3rdparty/fccf7cd6a4b12079f73bbfb21745f9babcd4eb1d/vgg_generated_48.i > e8d0dcd54d1bcfdc29203d011a797179-vgg_generated_48.i

curl https://raw.githubusercontent.com/opencv/opencv_3rdparty/fccf7cd6a4b12079f73bbfb21745f9babcd4eb1d/vgg_generated_80.i > 7cd47228edec52b6d82f46511af325c5-vgg_generated_80.i

And then run cmake again, and make. Hope this help

参考链接：https://blog.csdn.net/u011736771/article/details/85960300
https://github.com/opencv/opencv_contrib/issues/1301


##问题3 : opencv_contrib/modules/xfeatures2d/test/test_features2d.cpp:51:10行 fatal error:features2d/test/test_detectors_regression.impl.hpp没有那个文件或目录
 #include "features2d/test/test_detectors_regression.impl.hpp"
解决方法：cpp中对应的头文件如下：
#include "features2d/test/test_detectors_regression.impl.hpp"
#include "features2d/test/test_descriptors_regression.impl.hpp"
改为：
#include "../modules/features2d/test/test_detectors_regression.impl.hpp"
#include "../modules/features2d/test/test_descriptors_regression.impl.hpp"
只是头文件位置错误，出现其他同样的也可以参考改了之后再make. 另外一个cpp也需要改的是test_rotation_and_scale_invariance.cpp，将hpp位置改一下：
#include "../modules/features2d/test/test_detectors_invariance.impl.hpp" // main OpenCV repo
#include "../modules/features2d/test/test_descriptors_invariance.impl.hpp" // main OpenCV repo

